<?xml version="1.0" encoding="UTF-8"?>
<!-- Generated by org.testng.reporters.JUnitReportReporter -->
<testsuite hostname="DESKTOP-FP8VGKN" failures="0" tests="1" name="RecentTestCasesBySanjaySir.RecentTestCasesBySanjaySirTestClass" time="9.433" errors="0" timestamp="2022-09-13T08:37:47 IST" skipped="0">
  <testcase classname="RecentTestCasesBySanjaySir.RecentTestCasesBySanjaySirTestClass" name="VerifyQtyFieldDefaultval1" time="9.433"/>
  <system-out/>
</testsuite> <!-- RecentTestCasesBySanjaySir.RecentTestCasesBySanjaySirTestClass -->
